<?xml version="1.0" encoding="utf-8"?>
<shfbBuild product="Sandcastle Help File Builder and Tools" version="2019.4.14.0" projectFile="C:\Users\Admin\Desktop\C#Kurs_Github\BuchAusstellungsHelfer\HelpfileBuilder\HelpFileBuilder.shfbproj" started="07.01.2020 13:18:03">
<buildStep step="Initializing">
Finding tools...
The Sandcastle tools are located in &#39;C:\Program Files (x86)\EWSoftware\Sandcastle Help File Builder\&#39;
Searching for HTML Help 1 compiler...
Found HTML Help 1 compiler in &#39;C:\Program Files (x86)\HTML Help Workshop\&#39;
Locating components in the following folder(s):
    C:\Users\Admin\Desktop\C#Kurs_Github\BuchAusstellungsHelfer\HelpfileBuilder
    C:\ProgramData\EWSoftware\Sandcastle Help File Builder\Components and Plug-Ins\
    C:\Program Files (x86)\EWSoftware\Sandcastle Help File Builder\
Using framework reflection data for &#39;.NET Framework 4.5&#39; located in &#39;C:\Program Files (x86)\EWSoftware\Sandcastle Help File Builder\Data\.NETFramework&#39;
Using presentation style &#39;VS2013&#39; located in &#39;C:\Program Files (x86)\EWSoftware\Sandcastle Help File Builder\PresentationStyles\VS2013&#39;
Loading and initializing plug-ins...
Lightweight Website Style Version 2019.4.14.0
Copyright &#169; 2006-2019, Eric Woodruff, All Rights Reserved
Portions Copyright &#169; 2014, Sam Harwell, All Rights Reserved
</buildStep>
<buildStep step="ValidatingDocumentationSources">
Validating and copying documentation source information
Source: C:\Users\Admin\Desktop\C#Kurs_Github\BuchAusstellungsHelfer\AusstellungsHelfer\AusstellungsHelfer.sln
    Found project &#39;C:\Users\Admin\Desktop\C#Kurs_Github\BuchAusstellungsHelfer\AusstellungsHelfer\NiedScha.Anwendung\NiedSchwa.Anwendung.csproj&#39;
    Found project &#39;C:\Users\Admin\Desktop\C#Kurs_Github\BuchAusstellungsHelfer\AusstellungsHelfer\NiedSchwa.Anwendung.Daten\NiedSchwa.Anwendung.Daten.csproj&#39;
    Found project &#39;C:\Users\Admin\Desktop\C#Kurs_Github\BuchAusstellungsHelfer\AusstellungsHelfer\NiedSchwa.Windows\NiedSchwa.Windows.csproj&#39;
    Found project &#39;C:\Users\Admin\Desktop\C#Kurs_Github\BuchAusstellungsHelfer\AusstellungsHelfer\NiedSchwa.AusstellungsHelfer\NiedSchwa.AusstellungsHelfer.csproj&#39;

Parsing project files
    Found assembly &#39;C:\Users\Admin\Desktop\C#Kurs_Github\BuchAusstellungsHelfer\AusstellungsHelfer\NiedScha.Anwendung\bin\Debug\NiedSchwa.Anwendung.dll&#39;
    Found assembly &#39;C:\Users\Admin\Desktop\C#Kurs_Github\BuchAusstellungsHelfer\AusstellungsHelfer\NiedSchwa.Anwendung.Daten\bin\Debug\NiedSchwa.Anwendung.Daten.dll&#39;
    Found assembly &#39;C:\Users\Admin\Desktop\C#Kurs_Github\BuchAusstellungsHelfer\AusstellungsHelfer\NiedSchwa.Windows\bin\Debug\NiedSchwa.Windows.dll&#39;
    Found assembly &#39;C:\Users\Admin\Desktop\C#Kurs_Github\BuchAusstellungsHelfer\AusstellungsHelfer\NiedSchwa.AusstellungsHelfer\bin\Debug\NiedSchwa.AusstellungsHelfer.exe&#39;
SHFB: Warning BE0007: A project with a different or higher framework version was found.  Changing project FrameworkVersion property from &#39;.NET Framework 4.5&#39; to &#39;.NET Framework 4.6.1&#39; for the build.

References to include (excluding framework assemblies):
    System.IO.Compression, Version=4.1.2.0, Culture=neutral, PublicKeyToken=b77a5c561934e089, processorArchitecture=MSIL

Copying XML comments files
    C:\Users\Admin\Desktop\C#Kurs_Github\BuchAusstellungsHelfer\AusstellungsHelfer\NiedScha.Anwendung\bin\Debug\NiedSchwa.Anwendung.xml -&gt; C:\Users\Admin\Desktop\C#Kurs_Github\BuchAusstellungsHelfer\HelpfileBuilder\Help\Working\NiedSchwa.Anwendung.xml
    C:\Users\Admin\Desktop\C#Kurs_Github\BuchAusstellungsHelfer\AusstellungsHelfer\NiedSchwa.Anwendung.Daten\bin\Debug\NiedSchwa.Anwendung.Daten.xml -&gt; C:\Users\Admin\Desktop\C#Kurs_Github\BuchAusstellungsHelfer\HelpfileBuilder\Help\Working\NiedSchwa.Anwendung.Daten.xml
    C:\Users\Admin\Desktop\C#Kurs_Github\BuchAusstellungsHelfer\AusstellungsHelfer\NiedSchwa.Windows\bin\Debug\NiedSchwa.Windows.xml -&gt; C:\Users\Admin\Desktop\C#Kurs_Github\BuchAusstellungsHelfer\HelpfileBuilder\Help\Working\NiedSchwa.Windows.xml
    C:\Users\Admin\Desktop\C#Kurs_Github\BuchAusstellungsHelfer\AusstellungsHelfer\NiedSchwa.AusstellungsHelfer\bin\Debug\NiedSchwa.AusstellungsHelfer.xml -&gt; C:\Users\Admin\Desktop\C#Kurs_Github\BuchAusstellungsHelfer\HelpfileBuilder\Help\Working\NiedSchwa.AusstellungsHelfer.xml
</buildStep>
<buildStep step="GenerateSharedContent">
Generating shared content files (de-DE, Deutsch (Deutschland))...
<plugIn name="Lightweight Website Style" behavior="After" priority="1000">
</plugIn>    Last step completed in 00:00:00,0156
</buildStep>
<buildStep step="GenerateApiFilter">
Generating API filter for MRefBuilder...
    Last step completed in 00:00:00,0312
</buildStep>
<buildStep step="GenerateReflectionInfo">
Generating reflection information...
[C:\Program Files (x86)\MSBuild\14.0\bin\amd64\MSBuild.exe - GenerateRefInfo.proj]
Der Buildvorgang wurde am 07.01.2020 13:18:04 gestartet.
Projekt &quot;C:\Users\Admin\Desktop\C#Kurs_Github\BuchAusstellungsHelfer\HelpfileBuilder\Help\Working\GenerateRefInfo.proj&quot; auf Knoten &quot;1&quot; (Standardziele).
PrepareForBuild:
  Das Verzeichnis &quot;obj\Debug\&quot; wird erstellt.
GenerateRefInfo:
  MRefBuilder (v2019.4.14.0)
  Copyright &#184; 2006-2019, Microsoft Corporation, All Rights Reserved.
  Portions Copyright &#184; 2006-2019, Eric Woodruff, All Rights Reserved.
  No source code context base path specified.  Source context information is unavailable.
  Loaded 4 assemblies for reflection and 1 dependency assemblies.
  Wrote information on 12 namespaces, 59 types, and 242 members
  Die Datei wird von &quot;reflection.org&quot; in &quot;reflection.all&quot; kopiert.
  XslTransform (v2019.4.14.0)
  Copyright &#184; 2006-2019, Microsoft Corporation, All Rights Reserved.
  Portions Copyright &#184; 2006-2019, Eric Woodruff, All Rights Reserved.
  Applying XSL transformation &#39;C:\Program Files (x86)\EWSoftware\Sandcastle Help File Builder\ProductionTransforms\MergeDuplicates.xsl&#39;.
  Applying XSL transformation &#39;C:\Program Files (x86)\EWSoftware\Sandcastle Help File Builder\ProductionTransforms\AddXamlSyntaxData.xsl&#39;.
Die Erstellung von Projekt &quot;C:\Users\Admin\Desktop\C#Kurs_Github\BuchAusstellungsHelfer\HelpfileBuilder\Help\Working\GenerateRefInfo.proj&quot; ist abgeschlossen (Standardziele).

Der Buildvorgang wurde erfolgreich ausgefhrt.

Verstrichene Zeit 00:00:00.99
    Last step completed in 00:00:01,1717
</buildStep>
<buildStep step="TransformReflectionInfo">
Transforming reflection output...
[C:\Program Files (x86)\MSBuild\14.0\bin\amd64\MSBuild.exe - TransformManifest.proj]
Der Buildvorgang wurde am 07.01.2020 13:18:05 gestartet.
Projekt &quot;C:\Users\Admin\Desktop\C#Kurs_Github\BuchAusstellungsHelfer\HelpfileBuilder\Help\Working\TransformManifest.proj&quot; auf Knoten &quot;1&quot; (Standardziele).
TransformManifest:
  XslTransform (v2019.4.14.0)
  Copyright &#184; 2006-2019, Microsoft Corporation, All Rights Reserved.
  Portions Copyright &#184; 2006-2019, Eric Woodruff, All Rights Reserved.
  Applying XSL transformation &#39;C:\Program Files (x86)\EWSoftware\Sandcastle Help File Builder\\ProductionTransforms\ApplyVSDocModel.xsl&#39;.
  Die Datei wird von &quot;reflection.xml&quot; in &quot;reflection.nofilenames&quot; kopiert.
  XslTransform (v2019.4.14.0)
  Copyright &#184; 2006-2019, Microsoft Corporation, All Rights Reserved.
  Portions Copyright &#184; 2006-2019, Eric Woodruff, All Rights Reserved.
  Applying XSL transformation &#39;C:\Program Files (x86)\EWSoftware\Sandcastle Help File Builder\ProductionTransforms\AddFilenames.xsl&#39;.
  XslTransform (v2019.4.14.0)
  Copyright &#184; 2006-2019, Microsoft Corporation, All Rights Reserved.
  Portions Copyright &#184; 2006-2019, Eric Woodruff, All Rights Reserved.
  Applying XSL transformation &#39;C:\Program Files (x86)\EWSoftware\Sandcastle Help File Builder\ProductionTransforms\ReflectionToManifest.xsl&#39;.
Die Erstellung von Projekt &quot;C:\Users\Admin\Desktop\C#Kurs_Github\BuchAusstellungsHelfer\HelpfileBuilder\Help\Working\TransformManifest.proj&quot; ist abgeschlossen (Standardziele).

Der Buildvorgang wurde erfolgreich ausgefhrt.

Verstrichene Zeit 00:00:00.64
    Last step completed in 00:00:00,7655
</buildStep>
<buildStep step="GenerateNamespaceSummaries">
Generating namespace summary information...
    Last step completed in 00:00:00,0313
</buildStep>
<buildStep step="CopyAdditionalContent">
Copying additional content files...
No additional content to copy
    Last step completed in 00:00:00,0000
</buildStep>
<buildStep step="MergeTablesOfContents">
Merging conceptual and additional tables of contents...
    Last step completed in 00:00:00,0000
</buildStep>
<buildStep step="GenerateIntermediateTableOfContents">
Generating intermediate table of contents file...
[C:\Program Files (x86)\MSBuild\14.0\bin\amd64\MSBuild.exe - GenerateIntermediateTOC.proj]
Der Buildvorgang wurde am 07.01.2020 13:18:06 gestartet.
Projekt &quot;C:\Users\Admin\Desktop\C#Kurs_Github\BuchAusstellungsHelfer\HelpfileBuilder\Help\Working\GenerateIntermediateTOC.proj&quot; auf Knoten &quot;1&quot; (Standardziele).
GenerateIntermediateTOC:
  XslTransform (v2019.4.14.0)
  Copyright &#184; 2006-2019, Microsoft Corporation, All Rights Reserved.
  Portions Copyright &#184; 2006-2019, Eric Woodruff, All Rights Reserved.
  Applying XSL transformation &#39;C:\Program Files (x86)\EWSoftware\Sandcastle Help File Builder\\ProductionTransforms\CreateVSToc.xsl&#39;.
Die Erstellung von Projekt &quot;C:\Users\Admin\Desktop\C#Kurs_Github\BuchAusstellungsHelfer\HelpfileBuilder\Help\Working\GenerateIntermediateTOC.proj&quot; ist abgeschlossen (Standardziele).

Der Buildvorgang wurde erfolgreich ausgefhrt.

Verstrichene Zeit 00:00:00.15
Generating conceptual content intermediate TOC file...
    Last step completed in 00:00:00,3280
</buildStep>
<buildStep step="CreateBuildAssemblerConfigs">
Creating Sandcastle configuration files...
    sandcastle.config
    Last step completed in 00:00:00,1562
</buildStep>
<buildStep step="MergeCustomConfigs">
Merging custom build component configurations
C:\Users\Admin\Desktop\C#Kurs_Github\BuchAusstellungsHelfer\HelpfileBuilder\Help\Working\sandcastle.config
  Updating reference topic configurations.
  No conceptual content.  Removing conceptual content components.
    Last step completed in 00:00:00,0156
</buildStep>
<buildStep step="BuildTopics">
Building help topics...
[C:\Program Files (x86)\MSBuild\14.0\bin\amd64\MSBuild.exe - BuildTopics.proj]
Der Buildvorgang wurde am 07.01.2020 13:18:06 gestartet.
Projekt &quot;C:\Users\Admin\Desktop\C#Kurs_Github\BuchAusstellungsHelfer\HelpfileBuilder\Help\Working\BuildTopics.proj&quot; auf Knoten &quot;1&quot; (Standardziele).
BuildTopics:
  BuildAssembler (v2019.4.14.0)
  Copyright &#184; 2006-2019, Microsoft Corporation, All Rights Reserved.
  Portions Copyright &#184; 2006-2019, Eric Woodruff, All Rights Reserved.
  Loading configuration...
  ResolveReferenceLinksComponent: The MSDN content ID cache &#39;C:\Users\Admin\AppData\Local\EWSoftware\Sandcastle Help File Builder\Cache\MsdnContentId.cache&#39; does not exist yet.  All IDs will be looked up in this build which will slow it down.
  Processing topics...
BuildAssembler : warning : ResolveReferenceLinksComponent: [T:NiedSchwa.Anwendung.Anwendungskontext] MSDN web service failed.  No further look ups will be performed for this build. [C:\Users\Admin\Desktop\C#Kurs_Github\BuchAusstellungsHelfer\HelpfileBuilder\Help\Working\BuildTopics.proj]
BuildAssembler : warning : Reason: Der Remotename konnte nicht aufgel”st werden: &#39;services.msdn.microsoft.com&#39; [C:\Users\Admin\Desktop\C#Kurs_Github\BuchAusstellungsHelfer\HelpfileBuilder\Help\Working\BuildTopics.proj]
BuildAssembler : warning : ResolveReferenceLinksComponent: [P:NiedSchwa.AusstellungsHelfer.ViewModels.FensterManager.GesamtBestellungsViewModel] Unknown reference link target &#39;T:NiedSchwa.AusstellungsHelfer.ViewModels.GesamtBestellungsViewModel&#39;. [C:\Users\Admin\Desktop\C#Kurs_Github\BuchAusstellungsHelfer\HelpfileBuilder\Help\Working\BuildTopics.proj]
  Processed 399 topic(s)
  2 warning(s)
  CopyFromIndexComponent: &quot;reflection&quot; in-memory cache entries used: 9 of 15.
  CopyFromIndexComponent: &quot;comments&quot; in-memory cache entries used: 4 of 30.
Die Erstellung von Projekt &quot;C:\Users\Admin\Desktop\C#Kurs_Github\BuchAusstellungsHelfer\HelpfileBuilder\Help\Working\BuildTopics.proj&quot; ist abgeschlossen (Standardziele).

Der Buildvorgang wurde erfolgreich ausgefhrt.

Verstrichene Zeit 00:00:07.01
    Last step completed in 00:00:07,1858
</buildStep>
<buildStep step="CombiningIntermediateTocFiles">
Combining conceptual and API intermediate TOC files...
    Last step completed in 00:00:00,0000
</buildStep>
<buildStep step="ExtractingHtmlInfo">
Extracting HTML info for HTML Help 1 and/or website...
[C:\Program Files (x86)\MSBuild\14.0\bin\amd64\MSBuild.exe - ExtractHtmlInfo.proj]
Sandcastle Help File Builder and Tools, version 2019.4.14.0
Copyright &#184; 2006-2019, Eric Woodruff, All Rights Reserved
E-Mail: Eric@EWoodruff.us

Using LCID &#39;1031&#39;, code page &#39;1252&#39;, encoding charset &#39;Windows-1252&#39;.

Processing Help 1 files in C:\Users\Admin\Desktop\C#Kurs_Github\BuchAusstellungsHelfer\HelpfileBuilder\Help\Working\Output\HtmlHelp1
Processed 399 HTML files
Sorting keywords and generating See Also indices
Saving HTML Help 1 keyword index to C:\Users\Admin\Desktop\C#Kurs_Github\BuchAusstellungsHelfer\HelpfileBuilder\Help\Working\Dokumentation.hhk
Saving HTML Help 1 table of contents to C:\Users\Admin\Desktop\C#Kurs_Github\BuchAusstellungsHelfer\HelpfileBuilder\Help\Working\Dokumentation.hhc
    Last step completed in 00:00:00,4999
</buildStep>
<buildStep step="CopyStandardHelpContent">
Copying standard help content...
C:\Program Files (x86)\EWSoftware\Sandcastle Help File Builder\PresentationStyles\VS2013\icons\AlertCaution.png -&gt; C:\Users\Admin\Desktop\C#Kurs_Github\BuchAusstellungsHelfer\HelpfileBuilder\Help\Working\Output\HtmlHelp1\icons\AlertCaution.png
C:\Program Files (x86)\EWSoftware\Sandcastle Help File Builder\PresentationStyles\VS2013\icons\AlertNote.png -&gt; C:\Users\Admin\Desktop\C#Kurs_Github\BuchAusstellungsHelfer\HelpfileBuilder\Help\Working\Output\HtmlHelp1\icons\AlertNote.png
C:\Program Files (x86)\EWSoftware\Sandcastle Help File Builder\PresentationStyles\VS2013\icons\AlertSecurity.png -&gt; C:\Users\Admin\Desktop\C#Kurs_Github\BuchAusstellungsHelfer\HelpfileBuilder\Help\Working\Output\HtmlHelp1\icons\AlertSecurity.png
C:\Program Files (x86)\EWSoftware\Sandcastle Help File Builder\PresentationStyles\VS2013\icons\CFW.gif -&gt; C:\Users\Admin\Desktop\C#Kurs_Github\BuchAusstellungsHelfer\HelpfileBuilder\Help\Working\Output\HtmlHelp1\icons\CFW.gif
C:\Program Files (x86)\EWSoftware\Sandcastle Help File Builder\PresentationStyles\VS2013\icons\CodeExample.png -&gt; C:\Users\Admin\Desktop\C#Kurs_Github\BuchAusstellungsHelfer\HelpfileBuilder\Help\Working\Output\HtmlHelp1\icons\CodeExample.png
C:\Program Files (x86)\EWSoftware\Sandcastle Help File Builder\PresentationStyles\VS2013\icons\favicon.ico -&gt; C:\Users\Admin\Desktop\C#Kurs_Github\BuchAusstellungsHelfer\HelpfileBuilder\Help\Working\Output\HtmlHelp1\icons\favicon.ico
C:\Program Files (x86)\EWSoftware\Sandcastle Help File Builder\PresentationStyles\VS2013\icons\privclass.gif -&gt; C:\Users\Admin\Desktop\C#Kurs_Github\BuchAusstellungsHelfer\HelpfileBuilder\Help\Working\Output\HtmlHelp1\icons\privclass.gif
C:\Program Files (x86)\EWSoftware\Sandcastle Help File Builder\PresentationStyles\VS2013\icons\privdelegate.gif -&gt; C:\Users\Admin\Desktop\C#Kurs_Github\BuchAusstellungsHelfer\HelpfileBuilder\Help\Working\Output\HtmlHelp1\icons\privdelegate.gif
C:\Program Files (x86)\EWSoftware\Sandcastle Help File Builder\PresentationStyles\VS2013\icons\privenumeration.gif -&gt; C:\Users\Admin\Desktop\C#Kurs_Github\BuchAusstellungsHelfer\HelpfileBuilder\Help\Working\Output\HtmlHelp1\icons\privenumeration.gif
C:\Program Files (x86)\EWSoftware\Sandcastle Help File Builder\PresentationStyles\VS2013\icons\privevent.gif -&gt; C:\Users\Admin\Desktop\C#Kurs_Github\BuchAusstellungsHelfer\HelpfileBuilder\Help\Working\Output\HtmlHelp1\icons\privevent.gif
C:\Program Files (x86)\EWSoftware\Sandcastle Help File Builder\PresentationStyles\VS2013\icons\privextension.gif -&gt; C:\Users\Admin\Desktop\C#Kurs_Github\BuchAusstellungsHelfer\HelpfileBuilder\Help\Working\Output\HtmlHelp1\icons\privextension.gif
C:\Program Files (x86)\EWSoftware\Sandcastle Help File Builder\PresentationStyles\VS2013\icons\privfield.gif -&gt; C:\Users\Admin\Desktop\C#Kurs_Github\BuchAusstellungsHelfer\HelpfileBuilder\Help\Working\Output\HtmlHelp1\icons\privfield.gif
C:\Program Files (x86)\EWSoftware\Sandcastle Help File Builder\PresentationStyles\VS2013\icons\privinterface.gif -&gt; C:\Users\Admin\Desktop\C#Kurs_Github\BuchAusstellungsHelfer\HelpfileBuilder\Help\Working\Output\HtmlHelp1\icons\privinterface.gif
C:\Program Files (x86)\EWSoftware\Sandcastle Help File Builder\PresentationStyles\VS2013\icons\privmethod.gif -&gt; C:\Users\Admin\Desktop\C#Kurs_Github\BuchAusstellungsHelfer\HelpfileBuilder\Help\Working\Output\HtmlHelp1\icons\privmethod.gif
C:\Program Files (x86)\EWSoftware\Sandcastle Help File Builder\PresentationStyles\VS2013\icons\privproperty.gif -&gt; C:\Users\Admin\Desktop\C#Kurs_Github\BuchAusstellungsHelfer\HelpfileBuilder\Help\Working\Output\HtmlHelp1\icons\privproperty.gif
C:\Program Files (x86)\EWSoftware\Sandcastle Help File Builder\PresentationStyles\VS2013\icons\privstructure.gif -&gt; C:\Users\Admin\Desktop\C#Kurs_Github\BuchAusstellungsHelfer\HelpfileBuilder\Help\Working\Output\HtmlHelp1\icons\privstructure.gif
C:\Program Files (x86)\EWSoftware\Sandcastle Help File Builder\PresentationStyles\VS2013\icons\protclass.gif -&gt; C:\Users\Admin\Desktop\C#Kurs_Github\BuchAusstellungsHelfer\HelpfileBuilder\Help\Working\Output\HtmlHelp1\icons\protclass.gif
C:\Program Files (x86)\EWSoftware\Sandcastle Help File Builder\PresentationStyles\VS2013\icons\protdelegate.gif -&gt; C:\Users\Admin\Desktop\C#Kurs_Github\BuchAusstellungsHelfer\HelpfileBuilder\Help\Working\Output\HtmlHelp1\icons\protdelegate.gif
C:\Program Files (x86)\EWSoftware\Sandcastle Help File Builder\PresentationStyles\VS2013\icons\protenumeration.gif -&gt; C:\Users\Admin\Desktop\C#Kurs_Github\BuchAusstellungsHelfer\HelpfileBuilder\Help\Working\Output\HtmlHelp1\icons\protenumeration.gif
C:\Program Files (x86)\EWSoftware\Sandcastle Help File Builder\PresentationStyles\VS2013\icons\protevent.gif -&gt; C:\Users\Admin\Desktop\C#Kurs_Github\BuchAusstellungsHelfer\HelpfileBuilder\Help\Working\Output\HtmlHelp1\icons\protevent.gif
C:\Program Files (x86)\EWSoftware\Sandcastle Help File Builder\PresentationStyles\VS2013\icons\protextension.gif -&gt; C:\Users\Admin\Desktop\C#Kurs_Github\BuchAusstellungsHelfer\HelpfileBuilder\Help\Working\Output\HtmlHelp1\icons\protextension.gif
C:\Program Files (x86)\EWSoftware\Sandcastle Help File Builder\PresentationStyles\VS2013\icons\protfield.gif -&gt; C:\Users\Admin\Desktop\C#Kurs_Github\BuchAusstellungsHelfer\HelpfileBuilder\Help\Working\Output\HtmlHelp1\icons\protfield.gif
C:\Program Files (x86)\EWSoftware\Sandcastle Help File Builder\PresentationStyles\VS2013\icons\protinterface.gif -&gt; C:\Users\Admin\Desktop\C#Kurs_Github\BuchAusstellungsHelfer\HelpfileBuilder\Help\Working\Output\HtmlHelp1\icons\protinterface.gif
C:\Program Files (x86)\EWSoftware\Sandcastle Help File Builder\PresentationStyles\VS2013\icons\protmethod.gif -&gt; C:\Users\Admin\Desktop\C#Kurs_Github\BuchAusstellungsHelfer\HelpfileBuilder\Help\Working\Output\HtmlHelp1\icons\protmethod.gif
C:\Program Files (x86)\EWSoftware\Sandcastle Help File Builder\PresentationStyles\VS2013\icons\protoperator.gif -&gt; C:\Users\Admin\Desktop\C#Kurs_Github\BuchAusstellungsHelfer\HelpfileBuilder\Help\Working\Output\HtmlHelp1\icons\protoperator.gif
C:\Program Files (x86)\EWSoftware\Sandcastle Help File Builder\PresentationStyles\VS2013\icons\protproperty.gif -&gt; C:\Users\Admin\Desktop\C#Kurs_Github\BuchAusstellungsHelfer\HelpfileBuilder\Help\Working\Output\HtmlHelp1\icons\protproperty.gif
C:\Program Files (x86)\EWSoftware\Sandcastle Help File Builder\PresentationStyles\VS2013\icons\protstructure.gif -&gt; C:\Users\Admin\Desktop\C#Kurs_Github\BuchAusstellungsHelfer\HelpfileBuilder\Help\Working\Output\HtmlHelp1\icons\protstructure.gif
C:\Program Files (x86)\EWSoftware\Sandcastle Help File Builder\PresentationStyles\VS2013\icons\pubclass.gif -&gt; C:\Users\Admin\Desktop\C#Kurs_Github\BuchAusstellungsHelfer\HelpfileBuilder\Help\Working\Output\HtmlHelp1\icons\pubclass.gif
C:\Program Files (x86)\EWSoftware\Sandcastle Help File Builder\PresentationStyles\VS2013\icons\pubdelegate.gif -&gt; C:\Users\Admin\Desktop\C#Kurs_Github\BuchAusstellungsHelfer\HelpfileBuilder\Help\Working\Output\HtmlHelp1\icons\pubdelegate.gif
C:\Program Files (x86)\EWSoftware\Sandcastle Help File Builder\PresentationStyles\VS2013\icons\pubenumeration.gif -&gt; C:\Users\Admin\Desktop\C#Kurs_Github\BuchAusstellungsHelfer\HelpfileBuilder\Help\Working\Output\HtmlHelp1\icons\pubenumeration.gif
C:\Program Files (x86)\EWSoftware\Sandcastle Help File Builder\PresentationStyles\VS2013\icons\pubevent.gif -&gt; C:\Users\Admin\Desktop\C#Kurs_Github\BuchAusstellungsHelfer\HelpfileBuilder\Help\Working\Output\HtmlHelp1\icons\pubevent.gif
C:\Program Files (x86)\EWSoftware\Sandcastle Help File Builder\PresentationStyles\VS2013\icons\pubextension.gif -&gt; C:\Users\Admin\Desktop\C#Kurs_Github\BuchAusstellungsHelfer\HelpfileBuilder\Help\Working\Output\HtmlHelp1\icons\pubextension.gif
C:\Program Files (x86)\EWSoftware\Sandcastle Help File Builder\PresentationStyles\VS2013\icons\pubfield.gif -&gt; C:\Users\Admin\Desktop\C#Kurs_Github\BuchAusstellungsHelfer\HelpfileBuilder\Help\Working\Output\HtmlHelp1\icons\pubfield.gif
C:\Program Files (x86)\EWSoftware\Sandcastle Help File Builder\PresentationStyles\VS2013\icons\pubinterface.gif -&gt; C:\Users\Admin\Desktop\C#Kurs_Github\BuchAusstellungsHelfer\HelpfileBuilder\Help\Working\Output\HtmlHelp1\icons\pubinterface.gif
C:\Program Files (x86)\EWSoftware\Sandcastle Help File Builder\PresentationStyles\VS2013\icons\pubmethod.gif -&gt; C:\Users\Admin\Desktop\C#Kurs_Github\BuchAusstellungsHelfer\HelpfileBuilder\Help\Working\Output\HtmlHelp1\icons\pubmethod.gif
C:\Program Files (x86)\EWSoftware\Sandcastle Help File Builder\PresentationStyles\VS2013\icons\puboperator.gif -&gt; C:\Users\Admin\Desktop\C#Kurs_Github\BuchAusstellungsHelfer\HelpfileBuilder\Help\Working\Output\HtmlHelp1\icons\puboperator.gif
C:\Program Files (x86)\EWSoftware\Sandcastle Help File Builder\PresentationStyles\VS2013\icons\pubproperty.gif -&gt; C:\Users\Admin\Desktop\C#Kurs_Github\BuchAusstellungsHelfer\HelpfileBuilder\Help\Working\Output\HtmlHelp1\icons\pubproperty.gif
C:\Program Files (x86)\EWSoftware\Sandcastle Help File Builder\PresentationStyles\VS2013\icons\pubstructure.gif -&gt; C:\Users\Admin\Desktop\C#Kurs_Github\BuchAusstellungsHelfer\HelpfileBuilder\Help\Working\Output\HtmlHelp1\icons\pubstructure.gif
C:\Program Files (x86)\EWSoftware\Sandcastle Help File Builder\PresentationStyles\VS2013\icons\SectionCollapsed.png -&gt; C:\Users\Admin\Desktop\C#Kurs_Github\BuchAusstellungsHelfer\HelpfileBuilder\Help\Working\Output\HtmlHelp1\icons\SectionCollapsed.png
C:\Program Files (x86)\EWSoftware\Sandcastle Help File Builder\PresentationStyles\VS2013\icons\SectionExpanded.png -&gt; C:\Users\Admin\Desktop\C#Kurs_Github\BuchAusstellungsHelfer\HelpfileBuilder\Help\Working\Output\HtmlHelp1\icons\SectionExpanded.png
C:\Program Files (x86)\EWSoftware\Sandcastle Help File Builder\PresentationStyles\VS2013\icons\slMobile.gif -&gt; C:\Users\Admin\Desktop\C#Kurs_Github\BuchAusstellungsHelfer\HelpfileBuilder\Help\Working\Output\HtmlHelp1\icons\slMobile.gif
C:\Program Files (x86)\EWSoftware\Sandcastle Help File Builder\PresentationStyles\VS2013\icons\static.gif -&gt; C:\Users\Admin\Desktop\C#Kurs_Github\BuchAusstellungsHelfer\HelpfileBuilder\Help\Working\Output\HtmlHelp1\icons\static.gif
C:\Program Files (x86)\EWSoftware\Sandcastle Help File Builder\PresentationStyles\VS2013\icons\xna.gif -&gt; C:\Users\Admin\Desktop\C#Kurs_Github\BuchAusstellungsHelfer\HelpfileBuilder\Help\Working\Output\HtmlHelp1\icons\xna.gif
C:\Program Files (x86)\EWSoftware\Sandcastle Help File Builder\PresentationStyles\VS2013\scripts\branding.js -&gt; C:\Users\Admin\Desktop\C#Kurs_Github\BuchAusstellungsHelfer\HelpfileBuilder\Help\Working\Output\HtmlHelp1\scripts\branding.js
C:\Program Files (x86)\EWSoftware\Sandcastle Help File Builder\PresentationStyles\VS2013\styles\branding-cs-CZ.css -&gt; C:\Users\Admin\Desktop\C#Kurs_Github\BuchAusstellungsHelfer\HelpfileBuilder\Help\Working\Output\HtmlHelp1\styles\branding-cs-CZ.css
C:\Program Files (x86)\EWSoftware\Sandcastle Help File Builder\PresentationStyles\VS2013\styles\branding-de-DE.css -&gt; C:\Users\Admin\Desktop\C#Kurs_Github\BuchAusstellungsHelfer\HelpfileBuilder\Help\Working\Output\HtmlHelp1\styles\branding-de-DE.css
C:\Program Files (x86)\EWSoftware\Sandcastle Help File Builder\PresentationStyles\VS2013\styles\branding-en-US.css -&gt; C:\Users\Admin\Desktop\C#Kurs_Github\BuchAusstellungsHelfer\HelpfileBuilder\Help\Working\Output\HtmlHelp1\styles\branding-en-US.css
C:\Program Files (x86)\EWSoftware\Sandcastle Help File Builder\PresentationStyles\VS2013\styles\branding-es-ES.css -&gt; C:\Users\Admin\Desktop\C#Kurs_Github\BuchAusstellungsHelfer\HelpfileBuilder\Help\Working\Output\HtmlHelp1\styles\branding-es-ES.css
C:\Program Files (x86)\EWSoftware\Sandcastle Help File Builder\PresentationStyles\VS2013\styles\branding-fr-FR.css -&gt; C:\Users\Admin\Desktop\C#Kurs_Github\BuchAusstellungsHelfer\HelpfileBuilder\Help\Working\Output\HtmlHelp1\styles\branding-fr-FR.css
C:\Program Files (x86)\EWSoftware\Sandcastle Help File Builder\PresentationStyles\VS2013\styles\branding-Help1.css -&gt; C:\Users\Admin\Desktop\C#Kurs_Github\BuchAusstellungsHelfer\HelpfileBuilder\Help\Working\Output\HtmlHelp1\styles\branding-Help1.css
C:\Program Files (x86)\EWSoftware\Sandcastle Help File Builder\PresentationStyles\VS2013\styles\branding-HelpViewer.css -&gt; C:\Users\Admin\Desktop\C#Kurs_Github\BuchAusstellungsHelfer\HelpfileBuilder\Help\Working\Output\HtmlHelp1\styles\branding-HelpViewer.css
C:\Program Files (x86)\EWSoftware\Sandcastle Help File Builder\PresentationStyles\VS2013\styles\branding-it-IT.css -&gt; C:\Users\Admin\Desktop\C#Kurs_Github\BuchAusstellungsHelfer\HelpfileBuilder\Help\Working\Output\HtmlHelp1\styles\branding-it-IT.css
C:\Program Files (x86)\EWSoftware\Sandcastle Help File Builder\PresentationStyles\VS2013\styles\branding-ja-JP.css -&gt; C:\Users\Admin\Desktop\C#Kurs_Github\BuchAusstellungsHelfer\HelpfileBuilder\Help\Working\Output\HtmlHelp1\styles\branding-ja-JP.css
C:\Program Files (x86)\EWSoftware\Sandcastle Help File Builder\PresentationStyles\VS2013\styles\branding-ko-KR.css -&gt; C:\Users\Admin\Desktop\C#Kurs_Github\BuchAusstellungsHelfer\HelpfileBuilder\Help\Working\Output\HtmlHelp1\styles\branding-ko-KR.css
C:\Program Files (x86)\EWSoftware\Sandcastle Help File Builder\PresentationStyles\VS2013\styles\branding-pl-PL.css -&gt; C:\Users\Admin\Desktop\C#Kurs_Github\BuchAusstellungsHelfer\HelpfileBuilder\Help\Working\Output\HtmlHelp1\styles\branding-pl-PL.css
C:\Program Files (x86)\EWSoftware\Sandcastle Help File Builder\PresentationStyles\VS2013\styles\branding-pt-BR.css -&gt; C:\Users\Admin\Desktop\C#Kurs_Github\BuchAusstellungsHelfer\HelpfileBuilder\Help\Working\Output\HtmlHelp1\styles\branding-pt-BR.css
C:\Program Files (x86)\EWSoftware\Sandcastle Help File Builder\PresentationStyles\VS2013\styles\branding-ru-RU.css -&gt; C:\Users\Admin\Desktop\C#Kurs_Github\BuchAusstellungsHelfer\HelpfileBuilder\Help\Working\Output\HtmlHelp1\styles\branding-ru-RU.css
C:\Program Files (x86)\EWSoftware\Sandcastle Help File Builder\PresentationStyles\VS2013\styles\branding-tr-TR.css -&gt; C:\Users\Admin\Desktop\C#Kurs_Github\BuchAusstellungsHelfer\HelpfileBuilder\Help\Working\Output\HtmlHelp1\styles\branding-tr-TR.css
C:\Program Files (x86)\EWSoftware\Sandcastle Help File Builder\PresentationStyles\VS2013\styles\branding-Website.css -&gt; C:\Users\Admin\Desktop\C#Kurs_Github\BuchAusstellungsHelfer\HelpfileBuilder\Help\Working\Output\HtmlHelp1\styles\branding-Website.css
C:\Program Files (x86)\EWSoftware\Sandcastle Help File Builder\PresentationStyles\VS2013\styles\branding-zh-CN.css -&gt; C:\Users\Admin\Desktop\C#Kurs_Github\BuchAusstellungsHelfer\HelpfileBuilder\Help\Working\Output\HtmlHelp1\styles\branding-zh-CN.css
C:\Program Files (x86)\EWSoftware\Sandcastle Help File Builder\PresentationStyles\VS2013\styles\branding-zh-TW.css -&gt; C:\Users\Admin\Desktop\C#Kurs_Github\BuchAusstellungsHelfer\HelpfileBuilder\Help\Working\Output\HtmlHelp1\styles\branding-zh-TW.css
C:\Program Files (x86)\EWSoftware\Sandcastle Help File Builder\PresentationStyles\VS2013\styles\branding.css -&gt; C:\Users\Admin\Desktop\C#Kurs_Github\BuchAusstellungsHelfer\HelpfileBuilder\Help\Working\Output\HtmlHelp1\styles\branding.css
    Last step completed in 00:00:00,0937
</buildStep>
<buildStep step="GenerateHelpFormatTableOfContents">
Generating HTML Help 1 table of contents file...
    Last step completed in 00:00:00,0000
</buildStep>
<buildStep step="GenerateHelpFileIndex">
Generating HTML Help 1 index file...
    Last step completed in 00:00:00,0000
</buildStep>
<buildStep step="GenerateHelpProject">
Generating HTML Help 1 project file...
    Last step completed in 00:00:00,0000
</buildStep>
<buildStep step="CompilingHelpFile">
Compiling HTML Help 1 file...
[C:\Program Files (x86)\MSBuild\14.0\bin\amd64\MSBuild.exe - Build1xHelpFile.proj]
  Microsoft HTML Help Compiler 4.74.8702
  
  
  
  Compiling c:\Users\Admin\Desktop\C#Kurs_Github\BuchAusstellungsHelfer\HelpfileBuilder\Help\Working\Output\HtmlHelp1\Dokumentation.chm
  
  
  
  
  
  Compile time: 0 minutes, 2 seconds
  
  401	Topics
  
  5,379	Local links
  
  22	Internet links
  
  0	Graphics
  
  
  
  
  
  Created c:\Users\Admin\Desktop\C#Kurs_Github\BuchAusstellungsHelfer\HelpfileBuilder\Help\Working\Output\HtmlHelp1\Dokumentation.chm, 470,212 bytes
  
  Compression decreased file by 2,491,160 bytes.
  
    Last step completed in 00:00:03,1867
</buildStep>
<buildStep step="CleanIntermediates">
Removing intermediate files...
    Last step completed in 00:00:00,1406
</buildStep>
<buildStep step="Completed">

Build completed successfully at 07.01.2020 13:18:17.  Total time: 00:00:14,4655

</buildStep>
</shfbBuild>
